<?xml version="1.0" encoding="UTF-8"?>
<testsuite xmlns:xsi="http://www.w3.org/2001/XMLSchema-instance" xsi:noNamespaceSchemaLocation="https://maven.apache.org/surefire/maven-surefire-plugin/xsd/surefire-test-report.xsd" name="service.CompteApplicationTest" time="0.66" tests="3" errors="0" skipped="0" failures="0">
  <properties>
[...]
</properties>
  <testcase name="shouldCrediterCompte" classname="service.CompteApplicationTest" time="0.634"/>
  <testcase name="shouldGetSolde" classname="service.CompteApplicationTest" time="0.001"/>
  <testcase name="shouldDebiterCompte" classname="service.CompteApplicationTest" time="0.003"/>
</testsuite>